Total number of states: 99
Solving optimization problem with 4 machines with inter-machine bandwidth of 1.00 GB/s
[[0.0 0.0 0.0 ... 0.0 0.0 0.0]
 [None 0.0 0.0 ... 0.0 0.0 0.0]
 [None None 0.0 ... 0.0 0.0 0.0]
 ...
 [None None None ... None 0.0 0.0]
 [None None None ... None None 0.0]
 [None None None ... None None None]]
[[None None None ... 0.018874368 0.009961472 0.009961472]
 [None None None ... None None None]
 [None None None ... None None None]
 ...
 [None None None ... None None None]
 [None None None ... None None None]
 [None None None ... None None None]]
======================================
Level 1
======================================
-------------------------------------
Number of machines used: 1...
Split between layers 71 and 72...
Split before antichain ['node26', 'node32', 'node20', 'node36', 'node34']...
Compute time = 0.000000, Data-parallel communication time = 0.000000, Pipeline-parallel communication time = 0.009961...
-------------------------------------
Number of machines used: 1...
Split between layers 8 and 9...
Split before antichain ['node14', 'node15']...
Compute time = 0.000000, Data-parallel communication time = 0.000000, Pipeline-parallel communication time = 0.009961...
-------------------------------------
Number of machines used: 1...
Split between layers 0 and 1...
Split before antichain ['node5']...
Compute time = 0.000000, Data-parallel communication time = 0.000000, Pipeline-parallel communication time = 0.009961...
-------------------------------------
Number of machines used: 1...
Compute time = 0.000000, Data-parallel communication time = 0.000000...
-------------------------------------
Number of machines in budget not used: 0...

(Split start, split end) / compute time taken per stage / replication factor per stage:
(0, 1) 0.0 1
(1, 9) 0.0 1
(9, 72) 0.0 1
(72, 99) 0.0 1

Total number of stages: 4

Time taken by single-stage pipeline: 0.0
Time per stage in pipeline: 0.009961472
Throughput increase (compared to single machine): 0.0
[Note that single-machine and (4)-machine DP might not fit given memory constraints]
Throughput increase of (4)-machine DP compared to single machine: 0.0
Throughput increase (compared to (4)-machine DP): 58.35461425781249
